2025-04-30 12:38:20,704 ERROR: Error in matching: 'Skills Score'
Traceback (most recent call last):
  File "C:\Users\Dell\Downloads\resume_matcher_FINAL_bundle\backend\app.py", line 373, in match_resumes
    final_score = int(sum([scores[f"{k.capitalize()} Score"] for k in present_keys]) / 2)
                          ^^^^^^^^^^^^^^^^^^^^^^^^^^^^^^^^^^^^^^^^^^^^^^^^^^^^^^^^^
  File "C:\Users\Dell\Downloads\resume_matcher_FINAL_bundle\backend\app.py", line 373, in <listcomp>
    final_score = int(sum([scores[f"{k.capitalize()} Score"] for k in present_keys]) / 2)
                           ~~~~~~^^^^^^^^^^^^^^^^^^^^^^^^^^^
KeyError: 'Skills Score'
2025-04-30 12:38:25,615 ERROR: Error in matching: 'Skills Score'
Traceback (most recent call last):
  File "C:\Users\Dell\Downloads\resume_matcher_FINAL_bundle\backend\app.py", line 373, in match_resumes
    final_score = int(sum([scores[f"{k.capitalize()} Score"] for k in present_keys]) / 2)
                          ^^^^^^^^^^^^^^^^^^^^^^^^^^^^^^^^^^^^^^^^^^^^^^^^^^^^^^^^^
  File "C:\Users\Dell\Downloads\resume_matcher_FINAL_bundle\backend\app.py", line 373, in <listcomp>
    final_score = int(sum([scores[f"{k.capitalize()} Score"] for k in present_keys]) / 2)
                           ~~~~~~^^^^^^^^^^^^^^^^^^^^^^^^^^^
KeyError: 'Skills Score'
2025-04-30 12:38:40,988 ERROR: Error in matching: 'Skills Score'
Traceback (most recent call last):
  File "C:\Users\Dell\Downloads\resume_matcher_FINAL_bundle\backend\app.py", line 373, in match_resumes
    final_score = int(sum([scores[f"{k.capitalize()} Score"] for k in present_keys]) / 2)
                          ^^^^^^^^^^^^^^^^^^^^^^^^^^^^^^^^^^^^^^^^^^^^^^^^^^^^^^^^^
  File "C:\Users\Dell\Downloads\resume_matcher_FINAL_bundle\backend\app.py", line 373, in <listcomp>
    final_score = int(sum([scores[f"{k.capitalize()} Score"] for k in present_keys]) / 2)
                           ~~~~~~^^^^^^^^^^^^^^^^^^^^^^^^^^^
KeyError: 'Skills Score'
2025-04-30 12:39:01,563 ERROR: Error in matching: 'Skills Score'
Traceback (most recent call last):
  File "C:\Users\Dell\Downloads\resume_matcher_FINAL_bundle\backend\app.py", line 373, in match_resumes
    final_score = int(sum([scores[f"{k.capitalize()} Score"] for k in present_keys]) / 2)
                          ^^^^^^^^^^^^^^^^^^^^^^^^^^^^^^^^^^^^^^^^^^^^^^^^^^^^^^^^^
  File "C:\Users\Dell\Downloads\resume_matcher_FINAL_bundle\backend\app.py", line 373, in <listcomp>
    final_score = int(sum([scores[f"{k.capitalize()} Score"] for k in present_keys]) / 2)
                           ~~~~~~^^^^^^^^^^^^^^^^^^^^^^^^^^^
KeyError: 'Skills Score'
2025-04-30 12:56:03,530 ERROR: Error in matching: 'Skills Score'
Traceback (most recent call last):
  File "C:\Users\Dell\Downloads\resume_matcher_FINAL_bundle\backend\app.py", line 373, in match_resumes
    final_score = int(sum([scores[f"{k.capitalize()} Score"] for k in present_keys]) / len(present_keys))
                          ^^^^^^^^^^^^^^^^^^^^^^^^^^^^^^^^^^^^^^^^^^^^^^^^^^^^^^^^^
  File "C:\Users\Dell\Downloads\resume_matcher_FINAL_bundle\backend\app.py", line 373, in <listcomp>
    final_score = int(sum([scores[f"{k.capitalize()} Score"] for k in present_keys]) / len(present_keys))
                           ~~~~~~^^^^^^^^^^^^^^^^^^^^^^^^^^^
KeyError: 'Skills Score'
2025-04-30 12:58:32,585 INFO: present keys : ['skills', 'experience']
2025-04-30 12:58:32,585 ERROR: Error in matching: 'Skills Score'
Traceback (most recent call last):
  File "C:\Users\Dell\Downloads\resume_matcher_FINAL_bundle\backend\app.py", line 373, in match_resumes
    final_score = int(sum([scores[f"{k.capitalize()} Score"] for k in present_keys]) / len(present_keys))
                          ^^^^^^^^^^^^^^^^^^^^^^^^^^^^^^^^^^^^^^^^^^^^^^^^^^^^^^^^^
  File "C:\Users\Dell\Downloads\resume_matcher_FINAL_bundle\backend\app.py", line 373, in <listcomp>
    final_score = int(sum([scores[f"{k.capitalize()} Score"] for k in present_keys]) / len(present_keys))
                           ~~~~~~^^^^^^^^^^^^^^^^^^^^^^^^^^^
KeyError: 'Skills Score'
2025-04-30 12:59:59,823 INFO: present keys : ['skills', 'experience']
2025-04-30 13:00:00,158 INFO: present keys : ['skills', 'experience']
2025-04-30 13:00:00,689 INFO: present keys : ['skills', 'experience']
2025-04-30 13:00:00,972 INFO: present keys : ['skills', 'experience']
2025-04-30 13:00:01,287 INFO: present keys : ['skills', 'experience']
2025-04-30 13:00:01,567 INFO: present keys : ['skills', 'experience']
2025-04-30 13:00:01,841 INFO: present keys : ['skills', 'experience']
2025-04-30 13:00:02,430 INFO: present keys : ['skills', 'experience']
2025-04-30 13:00:03,138 INFO: present keys : ['skills', 'experience']
2025-04-30 13:00:04,094 INFO: Matching completed successfully for 9 resumes.
2025-04-30 13:00:04,701 INFO: present keys : ['skills', 'experience']
2025-04-30 13:00:04,963 INFO: present keys : ['skills', 'experience']
2025-04-30 13:00:05,342 INFO: present keys : ['skills', 'experience']
2025-04-30 13:00:05,608 INFO: present keys : ['skills', 'experience']
2025-04-30 13:00:05,839 INFO: present keys : ['skills', 'experience']
2025-04-30 13:00:06,057 INFO: present keys : ['skills', 'experience']
2025-04-30 13:00:06,315 INFO: present keys : ['skills', 'experience']
2025-04-30 13:00:06,746 INFO: present keys : ['skills', 'experience']
2025-04-30 13:00:07,319 INFO: present keys : ['skills', 'experience']
2025-04-30 13:00:07,355 INFO: Matching completed successfully for 9 resumes.
2025-04-30 13:03:50,114 INFO: Matching completed successfully for 9 resumes.
2025-04-30 13:12:35,544 INFO: Matching completed successfully for 9 resumes.
2025-04-30 13:13:24,016 INFO: Matching completed successfully for 9 resumes.
2025-04-30 14:06:05,825 INFO: Matching completed successfully for 9 resumes.
2025-04-30 14:06:31,000 INFO: Matching completed successfully for 9 resumes.
2025-04-30 14:08:24,962 INFO: Matching completed successfully for 9 resumes.
2025-04-30 14:25:54,478 INFO: Matching completed successfully for 9 resumes.
2025-04-30 14:26:04,134 INFO: Matching completed successfully for 9 resumes.
2025-04-30 14:26:31,575 INFO: Matching completed successfully for 9 resumes.
2025-04-30 14:27:02,684 INFO: Matching completed successfully for 9 resumes.
2025-04-30 14:30:34,651 INFO: Matching completed successfully for 9 resumes.
2025-04-30 14:32:36,446 INFO: Matching completed successfully for 9 resumes.
2025-04-30 14:33:52,488 INFO: Matching completed successfully for 9 resumes.
2025-04-30 14:34:16,803 INFO: Matching completed successfully for 9 resumes.
2025-04-30 14:34:45,018 INFO: Matching completed successfully for 9 resumes.
2025-04-30 14:35:36,043 INFO: Matching completed successfully for 9 resumes.
2025-04-30 14:36:37,751 INFO: Matching completed successfully for 9 resumes.
2025-04-30 14:37:33,592 INFO: Matching completed successfully for 9 resumes.
2025-04-30 14:37:54,805 INFO: Matching completed successfully for 9 resumes.
2025-04-30 14:39:51,537 INFO: Matching completed successfully for 9 resumes.
2025-04-30 14:49:40,771 INFO: Matching completed successfully for 9 resumes.
2025-04-30 15:01:00,744 INFO: Matching completed successfully for 9 resumes.
2025-04-30 15:01:47,329 INFO: Matching completed successfully for 9 resumes.
2025-04-30 15:28:45,374 INFO: Matching completed successfully for 14 resumes.
2025-04-30 15:31:08,646 INFO: Matching completed successfully for 14 resumes.
2025-04-30 15:31:58,539 INFO: Matching completed successfully for 14 resumes.
